0 info it worked if it ends with ok
1 verbose cli [ 'C:\\Program Files\\nodejs\\node.exe',
1 verbose cli   'C:\\Program Files\\nodejs\\node_modules\\npm\\bin\\npm-cli.js',
1 verbose cli   'run',
1 verbose cli   'build' ]
2 info using npm@3.10.10
3 info using node@v6.11.5
4 verbose run-script [ 'prebuild', 'build', 'postbuild' ]
5 info lifecycle watering-chip@0.1.0~prebuild: watering-chip@0.1.0
6 silly lifecycle watering-chip@0.1.0~prebuild: no script for prebuild, continuing
7 info lifecycle watering-chip@0.1.0~build: watering-chip@0.1.0
8 verbose lifecycle watering-chip@0.1.0~build: unsafe-perm in lifecycle true
9 verbose lifecycle watering-chip@0.1.0~build: PATH: C:\Program Files\nodejs\node_modules\npm\bin\node-gyp-bin;C:\Users\naube\Google Drive\Code\Sigma praktik\FrontEnd\watering-chip\node_modules\.bin;C:\Users\naube\bin;C:\Program Files\Git\mingw64\bin;C:\Program Files\Git\usr\local\bin;C:\Program Files\Git\usr\bin;C:\Program Files\Git\usr\bin;C:\Program Files\Git\mingw64\bin;C:\Program Files\Git\usr\bin;C:\Users\naube\bin;C:\ProgramData\Oracle\Java\javapath;C:\Python27;C:\Python27\Scripts;C:\Windows\system32;C:\Windows;C:\Windows\System32\Wbem;C:\Windows\System32\WindowsPowerShell\v1.0;C:\Program Files (x86)\Brackets\command;C:\ProgramData\chocolatey\bin;C:\Program Files\PuTTY;C:\Program Files\nodejs;C:\Program Files (x86)\Yarn\bin;C:\Program Files\Git\cmd;C:\Users\naube\AppData\Local\Microsoft\WindowsApps;C:\Users\naube\AppData\Local\atom\bin;C:\Users\naube\AppData\Local\Android\sdk\tools;C:\Users\naube\AppData\Local\Android\sdk\platform-tools;C:\Users\naube\AppData\Roaming\npm;C:\Users\naube\AppData\Local\Yarn\bin;C:\Program Files\Heroku\bin;C:\Program Files\Git\usr\bin\vendor_perl;C:\Program Files\Git\usr\bin\core_perl
10 verbose lifecycle watering-chip@0.1.0~build: CWD: C:\Users\naube\Google Drive\Code\Sigma praktik\FrontEnd\watering-chip
11 silly lifecycle watering-chip@0.1.0~build: Args: [ '/d /s /c', 'react-scripts build' ]
12 silly lifecycle watering-chip@0.1.0~build: Returned: code: 1  signal: null
13 info lifecycle watering-chip@0.1.0~build: Failed to exec build script
14 verbose stack Error: watering-chip@0.1.0 build: `react-scripts build`
14 verbose stack Exit status 1
14 verbose stack     at EventEmitter.<anonymous> (C:\Program Files\nodejs\node_modules\npm\lib\utils\lifecycle.js:255:16)
14 verbose stack     at emitTwo (events.js:106:13)
14 verbose stack     at EventEmitter.emit (events.js:191:7)
14 verbose stack     at ChildProcess.<anonymous> (C:\Program Files\nodejs\node_modules\npm\lib\utils\spawn.js:40:14)
14 verbose stack     at emitTwo (events.js:106:13)
14 verbose stack     at ChildProcess.emit (events.js:191:7)
14 verbose stack     at maybeClose (internal/child_process.js:920:16)
14 verbose stack     at Process.ChildProcess._handle.onexit (internal/child_process.js:230:5)
15 verbose pkgid watering-chip@0.1.0
16 verbose cwd C:\Users\naube\Google Drive\Code\Sigma praktik\FrontEnd\watering-chip
17 error Windows_NT 10.0.15063
18 error argv "C:\\Program Files\\nodejs\\node.exe" "C:\\Program Files\\nodejs\\node_modules\\npm\\bin\\npm-cli.js" "run" "build"
19 error node v6.11.5
20 error npm  v3.10.10
21 error code ELIFECYCLE
22 error watering-chip@0.1.0 build: `react-scripts build`
22 error Exit status 1
23 error Failed at the watering-chip@0.1.0 build script 'react-scripts build'.
23 error Make sure you have the latest version of node.js and npm installed.
23 error If you do, this is most likely a problem with the watering-chip package,
23 error not with npm itself.
23 error Tell the author that this fails on your system:
23 error     react-scripts build
23 error You can get information on how to open an issue for this project with:
23 error     npm bugs watering-chip
23 error Or if that isn't available, you can get their info via:
23 error     npm owner ls watering-chip
23 error There is likely additional logging output above.
24 verbose exit [ 1, true ]
